<?xml version="1.0" encoding="UTF-8"?>
<!-- Generated by org.testng.reporters.JUnitReportReporter -->
<testsuite hostname="CODETRU" failures="0" tests="1" name="Automation.NewTest" time="0.006" errors="0" timestamp="2023-07-07T10:27:09 IST" skipped="0">
  <testcase classname="Automation.NewTest" name="f" time="0.006"/>
  <system-out/>
</testsuite> <!-- Automation.NewTest -->
