<?xml version="1.0" encoding="UTF-8"?>
<!-- Generated by org.testng.reporters.JUnitReportReporter -->
<testsuite hostname="CODETRU" failures="0" tests="3" name="Automation.CrossBrowser" time="65.565" errors="0" timestamp="2023-07-09T21:29:48 IST" skipped="0">
  <testcase classname="Automation.CrossBrowser" name="test" time="15.014"/>
  <system-out/>
  <testcase classname="Automation.CrossBrowser" name="test" time="15.592"/>
  <system-out/>
  <testcase classname="Automation.CrossBrowser" name="test" time="34.959"/>
  <system-out/>
</testsuite> <!-- Automation.CrossBrowser -->
